<?xml version="1.0" encoding="UTF-8"?>
<!-- Generated by org.testng.reporters.JUnitReportReporter -->
<testsuite hostname="DESKTOP-UCQMLR4" failures="0" tests="1" name="TestNg.crossbrowser" time="28.836" errors="0" timestamp="2022-08-01T00:08:20 IST" skipped="0">
  <testcase classname="TestNg.crossbrowser" name="launch" time="28.836"/>
  <system-out/>
</testsuite> <!-- TestNg.crossbrowser -->
