<?xml version="1.0" encoding="UTF-8"?>
<!-- Generated by org.testng.reporters.JUnitReportReporter -->
<testsuite hostname="DESKTOP-UCQMLR4" failures="0" tests="2" name="TestNG.datapself" time="29.792" errors="0" timestamp="2022-07-30T19:22:15 IST" skipped="0">
  <testcase classname="TestNG.datapself" name="browser" time="16.933"/>
  <system-out/>
  <testcase classname="TestNG.datapself" name="browser" time="12.859"/>
  <system-out/>
</testsuite> <!-- TestNG.datapself -->
