<?xml version="1.0" encoding="UTF-8"?>
<!-- Generated by org.testng.reporters.JUnitReportReporter -->
<testsuite hostname="DESKTOP-UCQMLR4" failures="0" tests="2" name="TestNG.dataprovider" time="28.924" errors="0" timestamp="2022-07-30T19:22:15 IST" skipped="0">
  <testcase classname="TestNG.dataprovider" name="search" time="14.060"/>
  <system-out/>
  <testcase classname="TestNG.dataprovider" name="search" time="14.864"/>
  <system-out/>
</testsuite> <!-- TestNG.dataprovider -->
