<?xml version="1.0" encoding="UTF-8"?>
<!-- Generated by org.testng.reporters.JUnitReportReporter -->
<testsuite hostname="DESKTOP-UCQMLR4" failures="0" tests="1" name="TestNg.assetd" time="11.906" errors="0" timestamp="2022-07-28T20:33:39 IST" skipped="0">
  <testcase classname="TestNg.assetd" name="launch" time="11.906"/>
  <system-out/>
</testsuite> <!-- TestNg.assetd -->
